  CPN.cpp
d:\projekty\cp_neuron\cp_neuron\CP_F.h(454): warning C4996: 'fopen': This function or variable may be unsafe. Consider using fopen_s instead. To disable deprecation, use _CRT_SECURE_NO_WARNINGS. See online help for details.
          D:\Programy\Microsoft Visual Studio 10.0\VC\include\stdio.h(234) : see declaration of 'fopen'
d:\projekty\cp_neuron\cp_neuron\CP_F.h(559): warning C4996: 'fopen': This function or variable may be unsafe. Consider using fopen_s instead. To disable deprecation, use _CRT_SECURE_NO_WARNINGS. See online help for details.
          D:\Programy\Microsoft Visual Studio 10.0\VC\include\stdio.h(234) : see declaration of 'fopen'
d:\projekty\cp_neuron\cp_neuron\CP_F.h(617): warning C4996: 'wcscpy': This function or variable may be unsafe. Consider using wcscpy_s instead. To disable deprecation, use _CRT_SECURE_NO_WARNINGS. See online help for details.
          D:\Programy\Microsoft Visual Studio 10.0\VC\include\string.h(283) : see declaration of 'wcscpy'
d:\projekty\cp_neuron\cp_neuron\CP_F.h(627): warning C4996: 'wcscpy': This function or variable may be unsafe. Consider using wcscpy_s instead. To disable deprecation, use _CRT_SECURE_NO_WARNINGS. See online help for details.
          D:\Programy\Microsoft Visual Studio 10.0\VC\include\string.h(283) : see declaration of 'wcscpy'
d:\projekty\cp_neuron\cp_neuron\CP_F.h(725): warning C4101: 'fl' : unreferenced local variable
d:\projekty\cp_neuron\cp_neuron\CP_F.h(834): warning C4305: '=' : truncation from 'double' to 'float'
d:\projekty\cp_neuron\cp_neuron\CP_F.h(835): warning C4305: '=' : truncation from 'double' to 'float'
d:\projekty\cp_neuron\cp_neuron\CP_F.h(841): warning C4305: '=' : truncation from 'double' to 'float'
d:\projekty\cp_neuron\cp_neuron\CP_F.h(842): warning C4305: '=' : truncation from 'double' to 'float'
d:\projekty\cp_neuron\cp_neuron\CP_F.h(894): warning C4101: 'fl' : unreferenced local variable
d:\projekty\cp_neuron\cp_neuron\CPN.h(69): warning C4996: 'wcscpy': This function or variable may be unsafe. Consider using wcscpy_s instead. To disable deprecation, use _CRT_SECURE_NO_WARNINGS. See online help for details.
          D:\Programy\Microsoft Visual Studio 10.0\VC\include\string.h(283) : see declaration of 'wcscpy'
d:\projekty\cp_neuron\cp_neuron\CPN.h(70): warning C4996: '_itow': This function or variable may be unsafe. Consider using _itow_s instead. To disable deprecation, use _CRT_SECURE_NO_WARNINGS. See online help for details.
          D:\Programy\Microsoft Visual Studio 10.0\VC\include\stdlib.h(645) : see declaration of '_itow'
d:\projekty\cp_neuron\cp_neuron\CPN.h(71): warning C4996: 'wcscpy': This function or variable may be unsafe. Consider using wcscpy_s instead. To disable deprecation, use _CRT_SECURE_NO_WARNINGS. See online help for details.
          D:\Programy\Microsoft Visual Studio 10.0\VC\include\string.h(283) : see declaration of 'wcscpy'
d:\projekty\cp_neuron\cp_neuron\CPN.h(72): warning C4996: 'wcscpy': This function or variable may be unsafe. Consider using wcscpy_s instead. To disable deprecation, use _CRT_SECURE_NO_WARNINGS. See online help for details.
          D:\Programy\Microsoft Visual Studio 10.0\VC\include\string.h(283) : see declaration of 'wcscpy'
d:\projekty\cp_neuron\cp_neuron\CPN.h(73): warning C4996: 'wcscpy': This function or variable may be unsafe. Consider using wcscpy_s instead. To disable deprecation, use _CRT_SECURE_NO_WARNINGS. See online help for details.
          D:\Programy\Microsoft Visual Studio 10.0\VC\include\string.h(283) : see declaration of 'wcscpy'
d:\projekty\cp_neuron\cp_neuron\CPN.h(85): warning C4996: 'wcscpy': This function or variable may be unsafe. Consider using wcscpy_s instead. To disable deprecation, use _CRT_SECURE_NO_WARNINGS. See online help for details.
          D:\Programy\Microsoft Visual Studio 10.0\VC\include\string.h(283) : see declaration of 'wcscpy'
d:\projekty\cp_neuron\cp_neuron\CPN.h(86): warning C4996: '_itow': This function or variable may be unsafe. Consider using _itow_s instead. To disable deprecation, use _CRT_SECURE_NO_WARNINGS. See online help for details.
          D:\Programy\Microsoft Visual Studio 10.0\VC\include\stdlib.h(645) : see declaration of '_itow'
d:\projekty\cp_neuron\cp_neuron\CPN.h(87): warning C4996: 'wcscpy': This function or variable may be unsafe. Consider using wcscpy_s instead. To disable deprecation, use _CRT_SECURE_NO_WARNINGS. See online help for details.
          D:\Programy\Microsoft Visual Studio 10.0\VC\include\string.h(283) : see declaration of 'wcscpy'
d:\projekty\cp_neuron\cp_neuron\CPN.h(88): warning C4996: 'wcscpy': This function or variable may be unsafe. Consider using wcscpy_s instead. To disable deprecation, use _CRT_SECURE_NO_WARNINGS. See online help for details.
          D:\Programy\Microsoft Visual Studio 10.0\VC\include\string.h(283) : see declaration of 'wcscpy'
d:\projekty\cp_neuron\cp_neuron\CPN.h(153): warning C4996: 'itoa': The POSIX name for this item is deprecated. Instead, use the ISO C++ conformant name: _itoa. See online help for details.
          D:\Programy\Microsoft Visual Studio 10.0\VC\include\stdlib.h(867) : see declaration of 'itoa'
d:\projekty\cp_neuron\cp_neuron\CPN.h(162): warning C4996: 'itoa': The POSIX name for this item is deprecated. Instead, use the ISO C++ conformant name: _itoa. See online help for details.
          D:\Programy\Microsoft Visual Studio 10.0\VC\include\stdlib.h(867) : see declaration of 'itoa'
d:\projekty\cp_neuron\cp_neuron\CPN.h(232): warning C4996: 'itoa': The POSIX name for this item is deprecated. Instead, use the ISO C++ conformant name: _itoa. See online help for details.
          D:\Programy\Microsoft Visual Studio 10.0\VC\include\stdlib.h(867) : see declaration of 'itoa'
d:\projekty\cp_neuron\cp_neuron\CPN.h(233): warning C4996: 'strcpy': This function or variable may be unsafe. Consider using strcpy_s instead. To disable deprecation, use _CRT_SECURE_NO_WARNINGS. See online help for details.
          D:\Programy\Microsoft Visual Studio 10.0\VC\include\string.h(105) : see declaration of 'strcpy'
d:\projekty\cp_neuron\cp_neuron\CPN.h(242): warning C4018: '<' : signed/unsigned mismatch
d:\projekty\cp_neuron\cp_neuron\CPN.h(244): warning C4996: 'strcpy': This function or variable may be unsafe. Consider using strcpy_s instead. To disable deprecation, use _CRT_SECURE_NO_WARNINGS. See online help for details.
          D:\Programy\Microsoft Visual Studio 10.0\VC\include\string.h(105) : see declaration of 'strcpy'
d:\projekty\cp_neuron\cp_neuron\CPN.h(250): warning C4996: 'strcpy': This function or variable may be unsafe. Consider using strcpy_s instead. To disable deprecation, use _CRT_SECURE_NO_WARNINGS. See online help for details.
          D:\Programy\Microsoft Visual Studio 10.0\VC\include\string.h(105) : see declaration of 'strcpy'
d:\projekty\cp_neuron\cp_neuron\CPN.h(265): warning C4996: 'strcpy': This function or variable may be unsafe. Consider using strcpy_s instead. To disable deprecation, use _CRT_SECURE_NO_WARNINGS. See online help for details.
          D:\Programy\Microsoft Visual Studio 10.0\VC\include\string.h(105) : see declaration of 'strcpy'
d:\projekty\cp_neuron\cp_neuron\CPN.h(266): warning C4996: 'itoa': The POSIX name for this item is deprecated. Instead, use the ISO C++ conformant name: _itoa. See online help for details.
          D:\Programy\Microsoft Visual Studio 10.0\VC\include\stdlib.h(867) : see declaration of 'itoa'
d:\projekty\cp_neuron\cp_neuron\CPN.h(267): warning C4996: 'strcpy': This function or variable may be unsafe. Consider using strcpy_s instead. To disable deprecation, use _CRT_SECURE_NO_WARNINGS. See online help for details.
          D:\Programy\Microsoft Visual Studio 10.0\VC\include\string.h(105) : see declaration of 'strcpy'
d:\projekty\cp_neuron\cp_neuron\CPN.h(269): warning C4996: 'strcpy': This function or variable may be unsafe. Consider using strcpy_s instead. To disable deprecation, use _CRT_SECURE_NO_WARNINGS. See online help for details.
          D:\Programy\Microsoft Visual Studio 10.0\VC\include\string.h(105) : see declaration of 'strcpy'
d:\projekty\cp_neuron\cp_neuron\CPN.h(284): warning C4018: '<' : signed/unsigned mismatch
d:\projekty\cp_neuron\cp_neuron\CPN.h(286): warning C4996: 'strcpy': This function or variable may be unsafe. Consider using strcpy_s instead. To disable deprecation, use _CRT_SECURE_NO_WARNINGS. See online help for details.
          D:\Programy\Microsoft Visual Studio 10.0\VC\include\string.h(105) : see declaration of 'strcpy'
d:\projekty\cp_neuron\cp_neuron\CPN.h(303): warning C4018: '<' : signed/unsigned mismatch
d:\projekty\cp_neuron\cp_neuron\CPN.h(305): warning C4996: 'strcpy': This function or variable may be unsafe. Consider using strcpy_s instead. To disable deprecation, use _CRT_SECURE_NO_WARNINGS. See online help for details.
          D:\Programy\Microsoft Visual Studio 10.0\VC\include\string.h(105) : see declaration of 'strcpy'
d:\projekty\cp_neuron\cp_neuron\CPN.h(330): warning C4018: '<' : signed/unsigned mismatch
d:\projekty\cp_neuron\cp_neuron\CPN.h(353): warning C4018: '<' : signed/unsigned mismatch
d:\projekty\cp_neuron\cp_neuron\CPN.h(355): warning C4996: 'strcpy': This function or variable may be unsafe. Consider using strcpy_s instead. To disable deprecation, use _CRT_SECURE_NO_WARNINGS. See online help for details.
          D:\Programy\Microsoft Visual Studio 10.0\VC\include\string.h(105) : see declaration of 'strcpy'
d:\projekty\cp_neuron\cp_neuron\CPN.h(416): warning C4996: 'itoa': The POSIX name for this item is deprecated. Instead, use the ISO C++ conformant name: _itoa. See online help for details.
          D:\Programy\Microsoft Visual Studio 10.0\VC\include\stdlib.h(867) : see declaration of 'itoa'
d:\projekty\cp_neuron\cp_neuron\CPN.h(417): warning C4996: 'strcpy': This function or variable may be unsafe. Consider using strcpy_s instead. To disable deprecation, use _CRT_SECURE_NO_WARNINGS. See online help for details.
          D:\Programy\Microsoft Visual Studio 10.0\VC\include\string.h(105) : see declaration of 'strcpy'
d:\projekty\cp_neuron\cp_neuron\CPN.h(444): warning C4996: 'strcpy': This function or variable may be unsafe. Consider using strcpy_s instead. To disable deprecation, use _CRT_SECURE_NO_WARNINGS. See online help for details.
          D:\Programy\Microsoft Visual Studio 10.0\VC\include\string.h(105) : see declaration of 'strcpy'
d:\projekty\cp_neuron\cp_neuron\CPN.h(454): warning C4996: 'itoa': The POSIX name for this item is deprecated. Instead, use the ISO C++ conformant name: _itoa. See online help for details.
          D:\Programy\Microsoft Visual Studio 10.0\VC\include\stdlib.h(867) : see declaration of 'itoa'
d:\projekty\cp_neuron\cp_neuron\CPN.h(455): warning C4996: 'strcpy': This function or variable may be unsafe. Consider using strcpy_s instead. To disable deprecation, use _CRT_SECURE_NO_WARNINGS. See online help for details.
          D:\Programy\Microsoft Visual Studio 10.0\VC\include\string.h(105) : see declaration of 'strcpy'
d:\projekty\cp_neuron\cp_neuron\CPN.h(459): warning C4018: '<' : signed/unsigned mismatch
d:\projekty\cp_neuron\cp_neuron\CPN.h(472): warning C4996: 'itoa': The POSIX name for this item is deprecated. Instead, use the ISO C++ conformant name: _itoa. See online help for details.
          D:\Programy\Microsoft Visual Studio 10.0\VC\include\stdlib.h(867) : see declaration of 'itoa'
d:\projekty\cp_neuron\cp_neuron\CPN.h(473): warning C4996: 'strcpy': This function or variable may be unsafe. Consider using strcpy_s instead. To disable deprecation, use _CRT_SECURE_NO_WARNINGS. See online help for details.
          D:\Programy\Microsoft Visual Studio 10.0\VC\include\string.h(105) : see declaration of 'strcpy'
d:\projekty\cp_neuron\cp_neuron\CPN.h(477): warning C4018: '<' : signed/unsigned mismatch
d:\projekty\cp_neuron\cp_neuron\CPN.h(505): warning C4996: 'wcscpy': This function or variable may be unsafe. Consider using wcscpy_s instead. To disable deprecation, use _CRT_SECURE_NO_WARNINGS. See online help for details.
          D:\Programy\Microsoft Visual Studio 10.0\VC\include\string.h(283) : see declaration of 'wcscpy'
d:\projekty\cp_neuron\cp_neuron\CPN.h(506): warning C4996: '_itow': This function or variable may be unsafe. Consider using _itow_s instead. To disable deprecation, use _CRT_SECURE_NO_WARNINGS. See online help for details.
          D:\Programy\Microsoft Visual Studio 10.0\VC\include\stdlib.h(645) : see declaration of '_itow'
d:\projekty\cp_neuron\cp_neuron\CPN.h(507): warning C4996: 'wcscpy': This function or variable may be unsafe. Consider using wcscpy_s instead. To disable deprecation, use _CRT_SECURE_NO_WARNINGS. See online help for details.
          D:\Programy\Microsoft Visual Studio 10.0\VC\include\string.h(283) : see declaration of 'wcscpy'
d:\projekty\cp_neuron\cp_neuron\CPN.h(508): warning C4996: 'wcscpy': This function or variable may be unsafe. Consider using wcscpy_s instead. To disable deprecation, use _CRT_SECURE_NO_WARNINGS. See online help for details.
          D:\Programy\Microsoft Visual Studio 10.0\VC\include\string.h(283) : see declaration of 'wcscpy'
d:\projekty\cp_neuron\cp_neuron\CPN.h(509): warning C4996: 'wcscpy': This function or variable may be unsafe. Consider using wcscpy_s instead. To disable deprecation, use _CRT_SECURE_NO_WARNINGS. See online help for details.
          D:\Programy\Microsoft Visual Studio 10.0\VC\include\string.h(283) : see declaration of 'wcscpy'
d:\projekty\cp_neuron\cp_neuron\CPN.h(522): warning C4996: 'wcscpy': This function or variable may be unsafe. Consider using wcscpy_s instead. To disable deprecation, use _CRT_SECURE_NO_WARNINGS. See online help for details.
          D:\Programy\Microsoft Visual Studio 10.0\VC\include\string.h(283) : see declaration of 'wcscpy'
d:\projekty\cp_neuron\cp_neuron\CPN.h(523): warning C4996: '_itow': This function or variable may be unsafe. Consider using _itow_s instead. To disable deprecation, use _CRT_SECURE_NO_WARNINGS. See online help for details.
          D:\Programy\Microsoft Visual Studio 10.0\VC\include\stdlib.h(645) : see declaration of '_itow'
d:\projekty\cp_neuron\cp_neuron\CPN.h(524): warning C4996: 'wcscpy': This function or variable may be unsafe. Consider using wcscpy_s instead. To disable deprecation, use _CRT_SECURE_NO_WARNINGS. See online help for details.
          D:\Programy\Microsoft Visual Studio 10.0\VC\include\string.h(283) : see declaration of 'wcscpy'
d:\projekty\cp_neuron\cp_neuron\CPN.h(525): warning C4996: 'wcscpy': This function or variable may be unsafe. Consider using wcscpy_s instead. To disable deprecation, use _CRT_SECURE_NO_WARNINGS. See online help for details.
          D:\Programy\Microsoft Visual Studio 10.0\VC\include\string.h(283) : see declaration of 'wcscpy'
d:\projekty\cp_neuron\cp_neuron\CPN.h(609): warning C4996: '_itow': This function or variable may be unsafe. Consider using _itow_s instead. To disable deprecation, use _CRT_SECURE_NO_WARNINGS. See online help for details.
          D:\Programy\Microsoft Visual Studio 10.0\VC\include\stdlib.h(645) : see declaration of '_itow'
d:\projekty\cp_neuron\cp_neuron\CPN.h(610): warning C4996: 'wcscpy': This function or variable may be unsafe. Consider using wcscpy_s instead. To disable deprecation, use _CRT_SECURE_NO_WARNINGS. See online help for details.
          D:\Programy\Microsoft Visual Studio 10.0\VC\include\string.h(283) : see declaration of 'wcscpy'
d:\projekty\cp_neuron\cp_neuron\CPN.h(611): warning C4996: 'wcscpy': This function or variable may be unsafe. Consider using wcscpy_s instead. To disable deprecation, use _CRT_SECURE_NO_WARNINGS. See online help for details.
          D:\Programy\Microsoft Visual Studio 10.0\VC\include\string.h(283) : see declaration of 'wcscpy'
d:\projekty\cp_neuron\cp_neuron\CPN.h(612): warning C4996: 'wcscpy': This function or variable may be unsafe. Consider using wcscpy_s instead. To disable deprecation, use _CRT_SECURE_NO_WARNINGS. See online help for details.
          D:\Programy\Microsoft Visual Studio 10.0\VC\include\string.h(283) : see declaration of 'wcscpy'
d:\projekty\cp_neuron\cp_neuron\CPN.h(618): warning C4996: 'gcvt': The POSIX name for this item is deprecated. Instead, use the ISO C++ conformant name: _gcvt. See online help for details.
          D:\Programy\Microsoft Visual Studio 10.0\VC\include\stdlib.h(866) : see declaration of 'gcvt'
d:\projekty\cp_neuron\cp_neuron\CPN.h(619): warning C4018: '<' : signed/unsigned mismatch
d:\projekty\cp_neuron\cp_neuron\CPN.h(632): warning C4996: '_itow': This function or variable may be unsafe. Consider using _itow_s instead. To disable deprecation, use _CRT_SECURE_NO_WARNINGS. See online help for details.
          D:\Programy\Microsoft Visual Studio 10.0\VC\include\stdlib.h(645) : see declaration of '_itow'
d:\projekty\cp_neuron\cp_neuron\CPN.h(633): warning C4996: 'wcscpy': This function or variable may be unsafe. Consider using wcscpy_s instead. To disable deprecation, use _CRT_SECURE_NO_WARNINGS. See online help for details.
          D:\Programy\Microsoft Visual Studio 10.0\VC\include\string.h(283) : see declaration of 'wcscpy'
d:\projekty\cp_neuron\cp_neuron\CPN.h(634): warning C4996: 'wcscpy': This function or variable may be unsafe. Consider using wcscpy_s instead. To disable deprecation, use _CRT_SECURE_NO_WARNINGS. See online help for details.
          D:\Programy\Microsoft Visual Studio 10.0\VC\include\string.h(283) : see declaration of 'wcscpy'
d:\projekty\cp_neuron\cp_neuron\CPN.h(642): warning C4996: '_itow': This function or variable may be unsafe. Consider using _itow_s instead. To disable deprecation, use _CRT_SECURE_NO_WARNINGS. See online help for details.
          D:\Programy\Microsoft Visual Studio 10.0\VC\include\stdlib.h(645) : see declaration of '_itow'
d:\projekty\cp_neuron\cp_neuron\CPN.h(643): warning C4996: 'wcscpy': This function or variable may be unsafe. Consider using wcscpy_s instead. To disable deprecation, use _CRT_SECURE_NO_WARNINGS. See online help for details.
          D:\Programy\Microsoft Visual Studio 10.0\VC\include\string.h(283) : see declaration of 'wcscpy'
d:\projekty\cp_neuron\cp_neuron\CPN.h(644): warning C4996: 'wcscpy': This function or variable may be unsafe. Consider using wcscpy_s instead. To disable deprecation, use _CRT_SECURE_NO_WARNINGS. See online help for details.
          D:\Programy\Microsoft Visual Studio 10.0\VC\include\string.h(283) : see declaration of 'wcscpy'
d:\projekty\cp_neuron\cp_neuron\CPN.h(650): warning C4996: 'wcscpy': This function or variable may be unsafe. Consider using wcscpy_s instead. To disable deprecation, use _CRT_SECURE_NO_WARNINGS. See online help for details.
          D:\Programy\Microsoft Visual Studio 10.0\VC\include\string.h(283) : see declaration of 'wcscpy'
d:\projekty\cp_neuron\cp_neuron\CPN.h(651): warning C4996: '_itow': This function or variable may be unsafe. Consider using _itow_s instead. To disable deprecation, use _CRT_SECURE_NO_WARNINGS. See online help for details.
          D:\Programy\Microsoft Visual Studio 10.0\VC\include\stdlib.h(645) : see declaration of '_itow'
d:\projekty\cp_neuron\cp_neuron\CPN.h(652): warning C4996: 'wcscpy': This function or variable may be unsafe. Consider using wcscpy_s instead. To disable deprecation, use _CRT_SECURE_NO_WARNINGS. See online help for details.
          D:\Programy\Microsoft Visual Studio 10.0\VC\include\string.h(283) : see declaration of 'wcscpy'
d:\projekty\cp_neuron\cp_neuron\CPN.h(653): warning C4996: '_itow': This function or variable may be unsafe. Consider using _itow_s instead. To disable deprecation, use _CRT_SECURE_NO_WARNINGS. See online help for details.
          D:\Programy\Microsoft Visual Studio 10.0\VC\include\stdlib.h(645) : see declaration of '_itow'
d:\projekty\cp_neuron\cp_neuron\CPN.h(669): warning C4996: '_itow': This function or variable may be unsafe. Consider using _itow_s instead. To disable deprecation, use _CRT_SECURE_NO_WARNINGS. See online help for details.
          D:\Programy\Microsoft Visual Studio 10.0\VC\include\stdlib.h(645) : see declaration of '_itow'
d:\projekty\cp_neuron\cp_neuron\CPN.h(674): warning C4996: 'gcvt': The POSIX name for this item is deprecated. Instead, use the ISO C++ conformant name: _gcvt. See online help for details.
          D:\Programy\Microsoft Visual Studio 10.0\VC\include\stdlib.h(866) : see declaration of 'gcvt'
d:\projekty\cp_neuron\cp_neuron\CPN.h(707): warning C4996: '_itow': This function or variable may be unsafe. Consider using _itow_s instead. To disable deprecation, use _CRT_SECURE_NO_WARNINGS. See online help for details.
          D:\Programy\Microsoft Visual Studio 10.0\VC\include\stdlib.h(645) : see declaration of '_itow'
d:\projekty\cp_neuron\cp_neuron\CPN.h(708): warning C4996: 'wcscpy': This function or variable may be unsafe. Consider using wcscpy_s instead. To disable deprecation, use _CRT_SECURE_NO_WARNINGS. See online help for details.
          D:\Programy\Microsoft Visual Studio 10.0\VC\include\string.h(283) : see declaration of 'wcscpy'
d:\projekty\cp_neuron\cp_neuron\CPN.h(709): warning C4996: 'wcscpy': This function or variable may be unsafe. Consider using wcscpy_s instead. To disable deprecation, use _CRT_SECURE_NO_WARNINGS. See online help for details.
          D:\Programy\Microsoft Visual Studio 10.0\VC\include\string.h(283) : see declaration of 'wcscpy'
d:\projekty\cp_neuron\cp_neuron\CPN.h(710): warning C4996: 'wcscpy': This function or variable may be unsafe. Consider using wcscpy_s instead. To disable deprecation, use _CRT_SECURE_NO_WARNINGS. See online help for details.
          D:\Programy\Microsoft Visual Studio 10.0\VC\include\string.h(283) : see declaration of 'wcscpy'
d:\projekty\cp_neuron\cp_neuron\CPN.h(711): warning C4996: 'wcscpy': This function or variable may be unsafe. Consider using wcscpy_s instead. To disable deprecation, use _CRT_SECURE_NO_WARNINGS. See online help for details.
          D:\Programy\Microsoft Visual Studio 10.0\VC\include\string.h(283) : see declaration of 'wcscpy'
d:\projekty\cp_neuron\cp_neuron\CPN.h(802): warning C4996: '_itow': This function or variable may be unsafe. Consider using _itow_s instead. To disable deprecation, use _CRT_SECURE_NO_WARNINGS. See online help for details.
          D:\Programy\Microsoft Visual Studio 10.0\VC\include\stdlib.h(645) : see declaration of '_itow'
d:\projekty\cp_neuron\cp_neuron\CPN.h(803): warning C4996: 'wcscpy': This function or variable may be unsafe. Consider using wcscpy_s instead. To disable deprecation, use _CRT_SECURE_NO_WARNINGS. See online help for details.
          D:\Programy\Microsoft Visual Studio 10.0\VC\include\string.h(283) : see declaration of 'wcscpy'
d:\projekty\cp_neuron\cp_neuron\CPN.h(804): warning C4996: 'wcscpy': This function or variable may be unsafe. Consider using wcscpy_s instead. To disable deprecation, use _CRT_SECURE_NO_WARNINGS. See online help for details.
          D:\Programy\Microsoft Visual Studio 10.0\VC\include\string.h(283) : see declaration of 'wcscpy'
d:\projekty\cp_neuron\cp_neuron\CPN.h(805): warning C4996: 'wcscpy': This function or variable may be unsafe. Consider using wcscpy_s instead. To disable deprecation, use _CRT_SECURE_NO_WARNINGS. See online help for details.
          D:\Programy\Microsoft Visual Studio 10.0\VC\include\string.h(283) : see declaration of 'wcscpy'
d:\projekty\cp_neuron\cp_neuron\CPN.h(806): warning C4996: 'gcvt': The POSIX name for this item is deprecated. Instead, use the ISO C++ conformant name: _gcvt. See online help for details.
          D:\Programy\Microsoft Visual Studio 10.0\VC\include\stdlib.h(866) : see declaration of 'gcvt'
d:\projekty\cp_neuron\cp_neuron\CPN.h(807): warning C4018: '<' : signed/unsigned mismatch
d:\projekty\cp_neuron\cp_neuron\CPN.h(816): warning C4996: '_itow': This function or variable may be unsafe. Consider using _itow_s instead. To disable deprecation, use _CRT_SECURE_NO_WARNINGS. See online help for details.
          D:\Programy\Microsoft Visual Studio 10.0\VC\include\stdlib.h(645) : see declaration of '_itow'
d:\projekty\cp_neuron\cp_neuron\CPN.h(817): warning C4996: 'wcscpy': This function or variable may be unsafe. Consider using wcscpy_s instead. To disable deprecation, use _CRT_SECURE_NO_WARNINGS. See online help for details.
          D:\Programy\Microsoft Visual Studio 10.0\VC\include\string.h(283) : see declaration of 'wcscpy'
d:\projekty\cp_neuron\cp_neuron\CPN.h(818): warning C4996: 'wcscpy': This function or variable may be unsafe. Consider using wcscpy_s instead. To disable deprecation, use _CRT_SECURE_NO_WARNINGS. See online help for details.
          D:\Programy\Microsoft Visual Studio 10.0\VC\include\string.h(283) : see declaration of 'wcscpy'
d:\projekty\cp_neuron\cp_neuron\CPN.h(821): warning C4996: 'wcscpy': This function or variable may be unsafe. Consider using wcscpy_s instead. To disable deprecation, use _CRT_SECURE_NO_WARNINGS. See online help for details.
          D:\Programy\Microsoft Visual Studio 10.0\VC\include\string.h(283) : see declaration of 'wcscpy'
d:\projekty\cp_neuron\cp_neuron\CPN.h(822): warning C4996: '_itow': This function or variable may be unsafe. Consider using _itow_s instead. To disable deprecation, use _CRT_SECURE_NO_WARNINGS. See online help for details.
          D:\Programy\Microsoft Visual Studio 10.0\VC\include\stdlib.h(645) : see declaration of '_itow'
d:\projekty\cp_neuron\cp_neuron\CPN.h(823): warning C4996: 'wcscpy': This function or variable may be unsafe. Consider using wcscpy_s instead. To disable deprecation, use _CRT_SECURE_NO_WARNINGS. See online help for details.
          D:\Programy\Microsoft Visual Studio 10.0\VC\include\string.h(283) : see declaration of 'wcscpy'
d:\projekty\cp_neuron\cp_neuron\CPN.h(824): warning C4996: '_itow': This function or variable may be unsafe. Consider using _itow_s instead. To disable deprecation, use _CRT_SECURE_NO_WARNINGS. See online help for details.
          D:\Programy\Microsoft Visual Studio 10.0\VC\include\stdlib.h(645) : see declaration of '_itow'
d:\projekty\cp_neuron\cp_neuron\CPN.h(836): warning C4996: '_itow': This function or variable may be unsafe. Consider using _itow_s instead. To disable deprecation, use _CRT_SECURE_NO_WARNINGS. See online help for details.
          D:\Programy\Microsoft Visual Studio 10.0\VC\include\stdlib.h(645) : see declaration of '_itow'
d:\projekty\cp_neuron\cp_neuron\CPN.h(837): warning C4996: 'wcscpy': This function or variable may be unsafe. Consider using wcscpy_s instead. To disable deprecation, use _CRT_SECURE_NO_WARNINGS. See online help for details.
          D:\Programy\Microsoft Visual Studio 10.0\VC\include\string.h(283) : see declaration of 'wcscpy'
d:\projekty\cp_neuron\cp_neuron\CPN.h(838): warning C4996: 'wcscpy': This function or variable may be unsafe. Consider using wcscpy_s instead. To disable deprecation, use _CRT_SECURE_NO_WARNINGS. See online help for details.
          D:\Programy\Microsoft Visual Studio 10.0\VC\include\string.h(283) : see declaration of 'wcscpy'
d:\projekty\cp_neuron\cp_neuron\CPN.h(839): warning C4996: 'wcscpy': This function or variable may be unsafe. Consider using wcscpy_s instead. To disable deprecation, use _CRT_SECURE_NO_WARNINGS. See online help for details.
          D:\Programy\Microsoft Visual Studio 10.0\VC\include\string.h(283) : see declaration of 'wcscpy'
d:\projekty\cp_neuron\cp_neuron\CPN.h(840): warning C4996: 'gcvt': The POSIX name for this item is deprecated. Instead, use the ISO C++ conformant name: _gcvt. See online help for details.
          D:\Programy\Microsoft Visual Studio 10.0\VC\include\stdlib.h(866) : see declaration of 'gcvt'
d:\projekty\cp_neuron\cp_neuron\CPN.h(841): warning C4018: '<' : signed/unsigned mismatch
d:\projekty\cp_neuron\cp_neuron\CPN.h(850): warning C4996: '_itow': This function or variable may be unsafe. Consider using _itow_s instead. To disable deprecation, use _CRT_SECURE_NO_WARNINGS. See online help for details.
          D:\Programy\Microsoft Visual Studio 10.0\VC\include\stdlib.h(645) : see declaration of '_itow'
d:\projekty\cp_neuron\cp_neuron\CPN.h(851): warning C4996: 'wcscpy': This function or variable may be unsafe. Consider using wcscpy_s instead. To disable deprecation, use _CRT_SECURE_NO_WARNINGS. See online help for details.
          D:\Programy\Microsoft Visual Studio 10.0\VC\include\string.h(283) : see declaration of 'wcscpy'
d:\projekty\cp_neuron\cp_neuron\CPN.h(852): warning C4996: 'wcscpy': This function or variable may be unsafe. Consider using wcscpy_s instead. To disable deprecation, use _CRT_SECURE_NO_WARNINGS. See online help for details.
          D:\Programy\Microsoft Visual Studio 10.0\VC\include\string.h(283) : see declaration of 'wcscpy'
d:\projekty\cp_neuron\cp_neuron\CPN.h(855): warning C4996: 'wcscpy': This function or variable may be unsafe. Consider using wcscpy_s instead. To disable deprecation, use _CRT_SECURE_NO_WARNINGS. See online help for details.
          D:\Programy\Microsoft Visual Studio 10.0\VC\include\string.h(283) : see declaration of 'wcscpy'
d:\projekty\cp_neuron\cp_neuron\CPN.h(856): warning C4996: '_itow': This function or variable may be unsafe. Consider using _itow_s instead. To disable deprecation, use _CRT_SECURE_NO_WARNINGS. See online help for details.
          D:\Programy\Microsoft Visual Studio 10.0\VC\include\stdlib.h(645) : see declaration of '_itow'
d:\projekty\cp_neuron\cp_neuron\CPN.h(857): warning C4996: 'wcscpy': This function or variable may be unsafe. Consider using wcscpy_s instead. To disable deprecation, use _CRT_SECURE_NO_WARNINGS. See online help for details.
          D:\Programy\Microsoft Visual Studio 10.0\VC\include\string.h(283) : see declaration of 'wcscpy'
d:\projekty\cp_neuron\cp_neuron\CPN.h(858): warning C4996: '_itow': This function or variable may be unsafe. Consider using _itow_s instead. To disable deprecation, use _CRT_SECURE_NO_WARNINGS. See online help for details.
          D:\Programy\Microsoft Visual Studio 10.0\VC\include\stdlib.h(645) : see declaration of '_itow'
CPN.cpp(47): warning C4996: 'wcscpy': This function or variable may be unsafe. Consider using wcscpy_s instead. To disable deprecation, use _CRT_SECURE_NO_WARNINGS. See online help for details.
          D:\Programy\Microsoft Visual Studio 10.0\VC\include\string.h(283) : see declaration of 'wcscpy'
CPN.cpp(48): warning C4996: '_itow': This function or variable may be unsafe. Consider using _itow_s instead. To disable deprecation, use _CRT_SECURE_NO_WARNINGS. See online help for details.
          D:\Programy\Microsoft Visual Studio 10.0\VC\include\stdlib.h(645) : see declaration of '_itow'
CPN.cpp(79): warning C4996: '_itow': This function or variable may be unsafe. Consider using _itow_s instead. To disable deprecation, use _CRT_SECURE_NO_WARNINGS. See online help for details.
          D:\Programy\Microsoft Visual Studio 10.0\VC\include\stdlib.h(645) : see declaration of '_itow'
CPN.cpp(80): warning C4996: 'wcscpy': This function or variable may be unsafe. Consider using wcscpy_s instead. To disable deprecation, use _CRT_SECURE_NO_WARNINGS. See online help for details.
          D:\Programy\Microsoft Visual Studio 10.0\VC\include\string.h(283) : see declaration of 'wcscpy'
CPN.cpp(81): warning C4996: 'wcscpy': This function or variable may be unsafe. Consider using wcscpy_s instead. To disable deprecation, use _CRT_SECURE_NO_WARNINGS. See online help for details.
          D:\Programy\Microsoft Visual Studio 10.0\VC\include\string.h(283) : see declaration of 'wcscpy'
CPN.cpp(82): warning C4996: 'wcscpy': This function or variable may be unsafe. Consider using wcscpy_s instead. To disable deprecation, use _CRT_SECURE_NO_WARNINGS. See online help for details.
          D:\Programy\Microsoft Visual Studio 10.0\VC\include\string.h(283) : see declaration of 'wcscpy'
CPN.cpp(83): warning C4996: 'wcscpy': This function or variable may be unsafe. Consider using wcscpy_s instead. To disable deprecation, use _CRT_SECURE_NO_WARNINGS. See online help for details.
          D:\Programy\Microsoft Visual Studio 10.0\VC\include\string.h(283) : see declaration of 'wcscpy'
CPN.cpp(135): warning C4996: 'strcpy': This function or variable may be unsafe. Consider using strcpy_s instead. To disable deprecation, use _CRT_SECURE_NO_WARNINGS. See online help for details.
          D:\Programy\Microsoft Visual Studio 10.0\VC\include\string.h(105) : see declaration of 'strcpy'
CPN.cpp(139): warning C4996: 'strcpy': This function or variable may be unsafe. Consider using strcpy_s instead. To disable deprecation, use _CRT_SECURE_NO_WARNINGS. See online help for details.
          D:\Programy\Microsoft Visual Studio 10.0\VC\include\string.h(105) : see declaration of 'strcpy'
CPN.cpp(141): warning C4996: 'strcpy': This function or variable may be unsafe. Consider using strcpy_s instead. To disable deprecation, use _CRT_SECURE_NO_WARNINGS. See online help for details.
          D:\Programy\Microsoft Visual Studio 10.0\VC\include\string.h(105) : see declaration of 'strcpy'
CPN.cpp(143): warning C4996: 'strcpy': This function or variable may be unsafe. Consider using strcpy_s instead. To disable deprecation, use _CRT_SECURE_NO_WARNINGS. See online help for details.
          D:\Programy\Microsoft Visual Studio 10.0\VC\include\string.h(105) : see declaration of 'strcpy'
CPN.cpp(144): warning C4996: 'strcpy': This function or variable may be unsafe. Consider using strcpy_s instead. To disable deprecation, use _CRT_SECURE_NO_WARNINGS. See online help for details.
          D:\Programy\Microsoft Visual Studio 10.0\VC\include\string.h(105) : see declaration of 'strcpy'
CPN.cpp(151): warning C4996: 'wcscpy': This function or variable may be unsafe. Consider using wcscpy_s instead. To disable deprecation, use _CRT_SECURE_NO_WARNINGS. See online help for details.
          D:\Programy\Microsoft Visual Studio 10.0\VC\include\string.h(283) : see declaration of 'wcscpy'
CPN.cpp(152): warning C4996: '_itow': This function or variable may be unsafe. Consider using _itow_s instead. To disable deprecation, use _CRT_SECURE_NO_WARNINGS. See online help for details.
          D:\Programy\Microsoft Visual Studio 10.0\VC\include\stdlib.h(645) : see declaration of '_itow'
CPN.cpp(153): warning C4996: 'wcscpy': This function or variable may be unsafe. Consider using wcscpy_s instead. To disable deprecation, use _CRT_SECURE_NO_WARNINGS. See online help for details.
          D:\Programy\Microsoft Visual Studio 10.0\VC\include\string.h(283) : see declaration of 'wcscpy'
CPN.cpp(154): warning C4996: 'wcscpy': This function or variable may be unsafe. Consider using wcscpy_s instead. To disable deprecation, use _CRT_SECURE_NO_WARNINGS. See online help for details.
          D:\Programy\Microsoft Visual Studio 10.0\VC\include\string.h(283) : see declaration of 'wcscpy'
CPN.cpp(155): warning C4996: 'wcscpy': This function or variable may be unsafe. Consider using wcscpy_s instead. To disable deprecation, use _CRT_SECURE_NO_WARNINGS. See online help for details.
          D:\Programy\Microsoft Visual Studio 10.0\VC\include\string.h(283) : see declaration of 'wcscpy'
CPN.cpp(204): warning C4996: 'strcpy': This function or variable may be unsafe. Consider using strcpy_s instead. To disable deprecation, use _CRT_SECURE_NO_WARNINGS. See online help for details.
          D:\Programy\Microsoft Visual Studio 10.0\VC\include\string.h(105) : see declaration of 'strcpy'
CPN.cpp(205): warning C4996: 'strcpy': This function or variable may be unsafe. Consider using strcpy_s instead. To disable deprecation, use _CRT_SECURE_NO_WARNINGS. See online help for details.
          D:\Programy\Microsoft Visual Studio 10.0\VC\include\string.h(105) : see declaration of 'strcpy'
CPN.cpp(212): warning C4996: 'gcvt': The POSIX name for this item is deprecated. Instead, use the ISO C++ conformant name: _gcvt. See online help for details.
          D:\Programy\Microsoft Visual Studio 10.0\VC\include\stdlib.h(866) : see declaration of 'gcvt'
CPN.cpp(214): warning C4996: 'strcpy': This function or variable may be unsafe. Consider using strcpy_s instead. To disable deprecation, use _CRT_SECURE_NO_WARNINGS. See online help for details.
          D:\Programy\Microsoft Visual Studio 10.0\VC\include\string.h(105) : see declaration of 'strcpy'
CPN.cpp(223): warning C4996: 'strcpy': This function or variable may be unsafe. Consider using strcpy_s instead. To disable deprecation, use _CRT_SECURE_NO_WARNINGS. See online help for details.
          D:\Programy\Microsoft Visual Studio 10.0\VC\include\string.h(105) : see declaration of 'strcpy'
CPN.cpp(225): warning C4018: '>=' : signed/unsigned mismatch
CPN.cpp(230): warning C4996: 'strcpy': This function or variable may be unsafe. Consider using strcpy_s instead. To disable deprecation, use _CRT_SECURE_NO_WARNINGS. See online help for details.
          D:\Programy\Microsoft Visual Studio 10.0\VC\include\string.h(105) : see declaration of 'strcpy'
CPN.cpp(234): warning C4996: 'strcpy': This function or variable may be unsafe. Consider using strcpy_s instead. To disable deprecation, use _CRT_SECURE_NO_WARNINGS. See online help for details.
          D:\Programy\Microsoft Visual Studio 10.0\VC\include\string.h(105) : see declaration of 'strcpy'
CPN.cpp(237): warning C4996: 'strcpy': This function or variable may be unsafe. Consider using strcpy_s instead. To disable deprecation, use _CRT_SECURE_NO_WARNINGS. See online help for details.
          D:\Programy\Microsoft Visual Studio 10.0\VC\include\string.h(105) : see declaration of 'strcpy'
CPN.cpp(244): warning C4996: 'strcpy': This function or variable may be unsafe. Consider using strcpy_s instead. To disable deprecation, use _CRT_SECURE_NO_WARNINGS. See online help for details.
          D:\Programy\Microsoft Visual Studio 10.0\VC\include\string.h(105) : see declaration of 'strcpy'
CPN.cpp(245): warning C4996: 'strcpy': This function or variable may be unsafe. Consider using strcpy_s instead. To disable deprecation, use _CRT_SECURE_NO_WARNINGS. See online help for details.
          D:\Programy\Microsoft Visual Studio 10.0\VC\include\string.h(105) : see declaration of 'strcpy'
CPN.cpp(246): warning C4996: 'strcpy': This function or variable may be unsafe. Consider using strcpy_s instead. To disable deprecation, use _CRT_SECURE_NO_WARNINGS. See online help for details.
          D:\Programy\Microsoft Visual Studio 10.0\VC\include\string.h(105) : see declaration of 'strcpy'
CPN.cpp(25): warning C4101: 'sci' : unreferenced local variable
  Creating Debug\Resource.res
  
  Using codepage 1250 as default
  
  Resource.rc.
  Writing ICON:1,	lang:0x415,	size 1128
  Writing ICON:2,	lang:0x415,	size 9640
  Writing ICON:3,	lang:0x415,	size 67624
  Writing ICON:4,	lang:0x415,	size 4264
  Writing ICON:5,	lang:0x415,	size 20124
  Writing GROUP_ICON:50,	lang:0x415,	size 76.
  Writing BITMAP:200,	lang:0x415,	size 3112.
  Writing BITMAP:202,	lang:0x415,	size 3112.
  Writing BITMAP:201,	lang:0x415,	size 3112.
  Writing BITMAP:203,	lang:0x415,	size 3112.
  Writing BITMAP:204,	lang:0x415,	size 702220.
  Writing BITMAP:205,	lang:0x415,	size 466540.
  Writing BITMAP:206,	lang:0x415,	size 3112.
  Writing MENU:150,	lang:0x415,	size 80.
  Writing DIALOG:350,	lang:0x415,	size 676.
  Writing DIALOG:360,	lang:0x415,	size 548.
  Writing DIALOG:370,	lang:0x415,	size 544.
  Writing DIALOG:390,	lang:0x415,	size 812
  CP_Neuron.vcxproj -> D:\projekty\CP_Neuron\Debug\CP_Neuron.exe
