F:\Projekty\CP_Neuron\CP_Neuron\Debug\cl.command.1.tlog
F:\Projekty\CP_Neuron\CP_Neuron\Debug\CL.read.1.tlog
F:\Projekty\CP_Neuron\CP_Neuron\Debug\CL.write.1.tlog
F:\PROJEKTY\CP_NEURON\CP_NEURON\DEBUG\CP_NEURON.EXE.EMBED.MANIFEST
F:\PROJEKTY\CP_NEURON\CP_NEURON\DEBUG\CP_NEURON.EXE.EMBED.MANIFEST.RES
F:\PROJEKTY\CP_NEURON\CP_NEURON\DEBUG\CP_NEURON.EXE.INTERMEDIATE.MANIFEST
F:\PROJEKTY\CP_NEURON\CP_NEURON\DEBUG\CP_NEURON.PCH
F:\Projekty\CP_Neuron\CP_Neuron\Debug\CP_Neuron.vcxprojResolveAssemblyReference.cache
F:\Projekty\CP_Neuron\CP_Neuron\Debug\CP_Neuron.write.1.tlog
F:\Projekty\CP_Neuron\CP_Neuron\Debug\CP_Neuron_manifest.rc
F:\PROJEKTY\CP_NEURON\CP_NEURON\DEBUG\CPN.OBJ
F:\Projekty\CP_Neuron\CP_Neuron\Debug\link.command.1.tlog
F:\Projekty\CP_Neuron\CP_Neuron\Debug\link.read.1.tlog
F:\Projekty\CP_Neuron\CP_Neuron\Debug\link.write.1.tlog
F:\Projekty\CP_Neuron\CP_Neuron\Debug\link-cvtres.read.1.tlog
F:\Projekty\CP_Neuron\CP_Neuron\Debug\link-cvtres.write.1.tlog
F:\Projekty\CP_Neuron\CP_Neuron\Debug\mt.command.1.tlog
F:\Projekty\CP_Neuron\CP_Neuron\Debug\mt.read.1.tlog
F:\Projekty\CP_Neuron\CP_Neuron\Debug\mt.write.1.tlog
F:\Projekty\CP_Neuron\CP_Neuron\Debug\rc.command.1.tlog
F:\Projekty\CP_Neuron\CP_Neuron\Debug\rc.read.1.tlog
F:\Projekty\CP_Neuron\CP_Neuron\Debug\rc.write.1.tlog
F:\PROJEKTY\CP_NEURON\CP_NEURON\DEBUG\RESOURCE.RES
F:\Projekty\CP_Neuron\CP_Neuron\Debug\vc100.idb
F:\PROJEKTY\CP_NEURON\CP_NEURON\DEBUG\VC100.PDB
F:\PROJEKTY\CP_NEURON\DEBUG\CP_NEURON.EXE
F:\PROJEKTY\CP_NEURON\DEBUG\CP_NEURON.ILK
F:\PROJEKTY\CP_NEURON\DEBUG\CP_NEURON.PDB
